/mnt/c/Projects/ApartmentHunterBot/etc/run_scraper.py: 1: import: not found
/mnt/c/Projects/ApartmentHunterBot/etc/run_scraper.py: 3: Syntax error: "(" unexpected
/mnt/c/Projects/ApartmentHunterBot/etc/run_scraper.py: 1: import: not found
/mnt/c/Projects/ApartmentHunterBot/etc/run_scraper.py: 3: Syntax error: "(" unexpected
/mnt/c/Projects/ApartmentHunterBot/etc/run_scraper.py: 1: import: not found
/mnt/c/Projects/ApartmentHunterBot/etc/run_scraper.py: 3: Syntax error: "(" unexpected
/mnt/c/Projects/ApartmentHunterBot/etc/run_scraper.py: 1: import: not found
/mnt/c/Projects/ApartmentHunterBot/etc/run_scraper.py: 3: Syntax error: "(" unexpected
Scraper is running...
Scraper is finish...
Scraper is running...
Scraper is finish...
Scraper is running...
Status code: 200
Scraper is finish...
Scraper is running...
Status code: 200
Scraper is finish...
Scraper is running...
Status code: 200
Scraper is finish...
Scraper is running...
Status code: 200
Scraper is finish...
Scraper is running...
Status code: 200
Scraper is finish...
Scraper is running...
Status code: 200
Scraper is finish...
Scraper is running...
Status code: 200
Scraper is finish...
Scraper is running...
Status code: 200
Scraper is finish...
---------------
Scraper is running...
Status code: 200
Scraper is finish...
---------------
Scraper is running...
Status code: 200
Scraper is finish...
---------------
Scraper is running...
Status code: 200
Scraper is finish...
---------------
Scraper is running...
Status code: 200
Scraper is finish...
---------------
Scraper is running...
Status code: 200
Scraper is finish...
---------------
Scraper is running...
Status code: 200
Scraper is finish...
---------------
Scraper is running...
Status code: 200
Scraper is finish...
---------------
Scraper is running...
Status code: 200
Scraper is finish...
---------------
Scraper is running...
Status code: 200
Scraper is finish...
---------------
Scraper is running...
Status code: 200
Scraper is finish...
---------------
Scraper is running...
Status code: 200
Scraper is finish...
---------------
